<?xml version="1.0" encoding="UTF-8"?>
<!-- Generated by org.testng.reporters.JUnitReportReporter -->
<testsuite hostname="kairosHW0404" failures="0" tests="1" name="Response.DQG_Response" time="2.149" errors="0" timestamp="2024-05-10T15:37:45 IST" skipped="0">
  <testcase classname="Response.DQG_Response" name="Login_and_ConnectionList" time="2.149"/>
  <system-out/>
</testsuite> <!-- Response.DQG_Response -->
